[debug] [2025-11-28T20:22:59.626Z] ----------------------------------------------------------------------
[debug] [2025-11-28T20:22:59.639Z] Command:       C:\Program Files\nodejs\node.exe C:\Users\opdli\AppData\Roaming\npm\node_modules\firebase-tools\lib\bin\firebase.js deploy --only hosting --force
[debug] [2025-11-28T20:22:59.643Z] CLI Version:   14.25.1
[debug] [2025-11-28T20:22:59.644Z] Platform:      win32
[debug] [2025-11-28T20:22:59.644Z] Node Version:  v20.19.6
[debug] [2025-11-28T20:22:59.645Z] Time:          Fri Nov 28 2025 21:22:59 GMT+0100 (Wẹ́st Áfríká Fíksd Taim)
[debug] [2025-11-28T20:22:59.646Z] ----------------------------------------------------------------------
[debug] 
[debug] [2025-11-28T20:23:00.893Z] > command requires scopes: ["email","openid","https://www.googleapis.com/auth/cloudplatformprojects.readonly","https://www.googleapis.com/auth/firebase","https://www.googleapis.com/auth/cloud-platform"]
[debug] [2025-11-28T20:23:00.894Z] > authorizing via signed-in user (onyedika.akoma@gmail.com)
[debug] [2025-11-28T20:23:00.894Z] [iam] checking project real-estate-marketplace-37544 for permissions ["firebase.projects.get","firebasehosting.sites.update"]
[debug] [2025-11-28T20:23:00.903Z] Checked if tokens are valid: true, expires at: 1764364151744
[debug] [2025-11-28T20:23:00.904Z] Checked if tokens are valid: true, expires at: 1764364151744
[debug] [2025-11-28T20:23:00.910Z] >>> [apiv2][query] POST https://cloudresourcemanager.googleapis.com/v1/projects/real-estate-marketplace-37544:testIamPermissions [none]
[debug] [2025-11-28T20:23:00.912Z] >>> [apiv2][(partial)header] POST https://cloudresourcemanager.googleapis.com/v1/projects/real-estate-marketplace-37544:testIamPermissions x-goog-quota-user=projects/real-estate-marketplace-37544
[debug] [2025-11-28T20:23:00.912Z] >>> [apiv2][body] POST https://cloudresourcemanager.googleapis.com/v1/projects/real-estate-marketplace-37544:testIamPermissions {"permissions":["firebase.projects.get","firebasehosting.sites.update"]}
[debug] [2025-11-28T20:23:03.212Z] <<< [apiv2][status] POST https://cloudresourcemanager.googleapis.com/v1/projects/real-estate-marketplace-37544:testIamPermissions 200
[debug] [2025-11-28T20:23:03.213Z] <<< [apiv2][body] POST https://cloudresourcemanager.googleapis.com/v1/projects/real-estate-marketplace-37544:testIamPermissions {"permissions":["firebase.projects.get","firebasehosting.sites.update"]}
[debug] [2025-11-28T20:23:03.218Z] Checked if tokens are valid: true, expires at: 1764364151744
[debug] [2025-11-28T20:23:03.219Z] Checked if tokens are valid: true, expires at: 1764364151744
[debug] [2025-11-28T20:23:03.223Z] >>> [apiv2][query] GET https://firebase.googleapis.com/v1beta1/projects/real-estate-marketplace-37544 [none]
[debug] [2025-11-28T20:23:10.059Z] <<< [apiv2][status] GET https://firebase.googleapis.com/v1beta1/projects/real-estate-marketplace-37544 200
[debug] [2025-11-28T20:23:10.059Z] <<< [apiv2][body] GET https://firebase.googleapis.com/v1beta1/projects/real-estate-marketplace-37544 {"projectId":"real-estate-marketplace-37544","projectNumber":"759115682573","displayName":"real estate marketplace","name":"projects/real-estate-marketplace-37544","resources":{"hostingSite":"real-estate-marketplace-37544"},"state":"ACTIVE","etag":"1_05b62e94-661f-4ab7-a04d-60f86dbeebe8"}
[info] 
[info] === Deploying to 'real-estate-marketplace-37544'...
[info] 
[info] i  deploying hosting 
[debug] [2025-11-28T20:23:10.123Z] Checked if tokens are valid: true, expires at: 1764364151744
[debug] [2025-11-28T20:23:10.124Z] Checked if tokens are valid: true, expires at: 1764364151744
[debug] [2025-11-28T20:23:10.124Z] >>> [apiv2][query] POST https://firebasehosting.googleapis.com/v1beta1/projects/-/sites/real-estate-marketplace-37544/versions [none]
[debug] [2025-11-28T20:23:10.124Z] >>> [apiv2][body] POST https://firebasehosting.googleapis.com/v1beta1/projects/-/sites/real-estate-marketplace-37544/versions {"status":"CREATED","labels":{"deployment-tool":"cli-firebase"}}
[debug] [2025-11-28T20:23:15.190Z] <<< [apiv2][status] POST https://firebasehosting.googleapis.com/v1beta1/projects/-/sites/real-estate-marketplace-37544/versions 200
[debug] [2025-11-28T20:23:15.190Z] <<< [apiv2][body] POST https://firebasehosting.googleapis.com/v1beta1/projects/-/sites/real-estate-marketplace-37544/versions {"name":"projects/759115682573/sites/real-estate-marketplace-37544/versions/7839a62e65425abb","status":"CREATED","config":{},"labels":{"deployment-tool":"cli-firebase"}}
[info] i  hosting[real-estate-marketplace-37544]: beginning deploy... 
[info] i  hosting[real-estate-marketplace-37544]: found 101 files in build 
[debug] [2025-11-28T20:23:15.262Z] [hosting] uploading with 200 concurrency
[debug] [2025-11-28T20:23:17.167Z] Checked if tokens are valid: true, expires at: 1764364151744
[debug] [2025-11-28T20:23:17.167Z] Checked if tokens are valid: true, expires at: 1764364151744
[debug] [2025-11-28T20:23:17.174Z] [hosting] hash cache [YnVpbGQ] stored for 101 files
[debug] [2025-11-28T20:23:17.174Z] [hosting][hash queue][FINAL] {"max":1844,"min":29,"avg":483.74257425742576,"active":0,"complete":101,"success":101,"errored":0,"retried":0,"total":101,"elapsed":1862}
[debug] [2025-11-28T20:23:17.175Z] >>> [apiv2][query] POST https://firebasehosting.googleapis.com/v1beta1/projects/759115682573/sites/real-estate-marketplace-37544/versions/7839a62e65425abb:populateFiles [none]
[debug] [2025-11-28T20:23:17.175Z] >>> [apiv2][body] POST https://firebasehosting.googleapis.com/v1beta1/projects/759115682573/sites/real-estate-marketplace-37544/versions/7839a62e65425abb:populateFiles {"files":{"/manifest.json":"7dc98af35196ab37a2b97c6c6607e6653968e693df2511809698bc41a719f494","/logo.png":"278e112f8c071bea064f3fc9c45cd22c2c34c2cf0afc69322b5451a743ec0485","/firebase-messaging-sw.js":"43a977d944f8ade455e3ff859e487f9e2c9531953f786098d11f23fb1cc1b955","/index.html":"f2ab67b637237d427ec8b3341fcd2d25515f4de5794c9e801f69fcc7ae0f7992","/asset-manifest.json":"58ec83aa7fc238004a6ce716f4559ace70c9992e13693a9805fc9196b4460f05","/static/js/956.204b6a40.chunk.js.map":"2d0a4cbefeb30d41a098a3423b4f6f1982d999b98fd3ad4525505cdb5ce9e787","/static/js/956.204b6a40.chunk.js":"3ddef5647d8169839471ea86f3db7912a599f828f3c7fb83a8a626875ba12a03","/static/js/945.eb69b3b8.chunk.js":"80858e4e5c457979e40627e1b82cc42ae56cf80e18388870b086d87f0c18dd46","/static/js/945.eb69b3b8.chunk.js.map":"dec2eb4cec3d771e4c97f8f542e4d22e2108b219f0ac630865ea79da7de94bdb","/static/js/920.97316c2b.chunk.js":"84fd8c043ee9fcd75b5615f8ca8af229a3597f6cd70253b53957494384d7bf25","/static/js/920.97316c2b.chunk.js.map":"c3ee75263f02b3781c7e01edc20f7c0786b11eab4480143a41f43761d6b15d60","/static/js/903.46a15303.chunk.js":"85b8733c7084e0f24d7f7463013645ec8909245e6dcca4e54828dc6ef549ad22","/static/js/864.5e3076a0.chunk.js":"e0886015e07c0b4bb607171ce2fb74b033cf335033d4bd1a3c7f8ef9cc8d1d7d","/static/js/main.a7a72d4f.js.LICENSE.txt":"ef4f6cf2e9bf7c6ef4ccd8b3972e010cb0353d132add9f12c44b876a3a1fe459","/static/js/864.5e3076a0.chunk.js.map":"ea8a08932f8899b5bdcc4a3beed755c8ed8c6b2c9afe879dbfb938929fe8039c","/static/js/818.f725eb56.chunk.js":"3abb88060b691c02aeaab2a6758f4643b812dec8b65c540a41f7ff2caaf9d404","/static/js/903.46a15303.chunk.js.map":"a8c15ff067170708846b1ab44f31329a329fee8dda3da996f3fb66d0922c5184","/static/js/818.f725eb56.chunk.js.map":"2f37dd49f65d5b22f2b9552d671f534b1087a7be387461db57e71d112b9b6ef9","/static/js/816.0220aa0c.chunk.js.map":"37674f9cb59bb408e569120cb26bb032d37277723a29c922d4fb598cc2baea33","/static/js/803.4d4cc4b0.chunk.js":"c64ad09cec24bfce92e76c0597e3fb58504c560f380d3abfa0d45dd6315230bb","/static/js/779.6a659ab5.chunk.js":"e1b9b2de14abf6f68011db56ed32029d4c01b5ca64434450e202303705b469ea","/static/js/803.4d4cc4b0.chunk.js.map":"9a524c2083a8a1d42ce83460b1551f18f5c0be3be0858397385255eb84ee9408","/static/js/816.0220aa0c.chunk.js":"e70342b812f113ef2b74963112fed841e83f3b03aa65d20217dd9d862eb65627","/static/js/741.cd9291bd.chunk.js.map":"930d81a393b94bf062c1eaa92cb1397de16a8301d7e59e54a1938a9f025f0fa7","/static/js/779.6a659ab5.chunk.js.map":"e46921f825834ac098e630a4fdef299dace2631963c9fb11feec58510dc6e1d5","/static/js/741.cd9291bd.chunk.js":"421b6c927daf7a9a743087f32d1b65e7605b61f5500c87b5e59fb54e2223b126","/static/js/745.6b7acb74.chunk.js":"b2035ec713333f74869dbd7ddcbf450a963541ee495e5298a55384edd2e30ab8","/static/js/739.5a84580b.chunk.js":"1739b10a02d9559d57fc7c8766aa1a54e18582eb1ed5e433597c0b962bb99e86","/static/js/69.a4f12fea.chunk.js.map":"eeed80a55e4dbe6d3305fe583f07ed1a9fdc2df6ac1524a57d488dd9aa372de3","/static/js/69.a4f12fea.chunk.js":"f5b6f7a354da98e5cc6abf55cc9c362890d9be956403d10198c9c3439b29f3b1","/static/js/68.26584d6a.chunk.js":"1a1ee86a4b59dc8c9ad5c9496385cc1f5e20c2af9d13eb656e1ce58ade6363ef","/static/js/673.046f2ea1.chunk.js.map":"77ce806e491e3245dca50aec2bdc0e75bb8e6155971135f2d7099326905bf421","/static/js/673.046f2ea1.chunk.js":"7d0e8658946a33a5273cc43da31ba756981db819db7918f3daf8713a6da16f3f","/static/js/654.2ac0698f.chunk.js.map":"0d19ab3a1c0fa49b265875e70310442d0d46255114f31bc95787d6876d0d0654","/static/js/739.5a84580b.chunk.js.map":"e51663b3fae2364e78ff069caef11ccefc57f391fd61f5772348b84e50570a3b","/static/js/72.d70baeb0.chunk.js":"ed928c9b851c1a4b111784328be69cb3aed2f7c6c911a525370ffbaf31336846","/static/js/607.443ac981.chunk.js.map":"46f24aa2f1e9e7d41aa9b54f52d4a09c213156faba635e38b5b4511c3d5de9f4","/static/js/745.6b7acb74.chunk.js.map":"09c49e6f63c353cea62879ce6ad998244ea24233d2813ed9f67789f39ba97c9e","/static/js/595.8d491dd9.chunk.js":"e9a882f2b31612fc993efb4bd63cdcddfe825c3f306bac1db15df260e0651a83","/static/js/595.8d491dd9.chunk.js.map":"baecc232962bfdd58ae0df65a7ab6dab4096f6f784aa8d454dd607c6538ccb1c","/static/js/58.eed1e125.chunk.js.LICENSE.txt":"cc9ca991ac3dad978495ba58931d57fd780a68b9935e58eaf0a5d041659065de","/static/js/897.29862511.chunk.js":"80c3b5c58fd2c85b7420315aaaa46c7e9522f8e32174fbf7a7e0e2e01a20bd05","/static/js/654.2ac0698f.chunk.js":"0afe48e33b0f274595c8a1af73dc19ab91869c9a53568a908ccded4fbd2941c0","/static/js/607.443ac981.chunk.js":"d7013e3c06c0c654747a0cfbea6d43008cb73ad451b96f94a00f0892decd2f1f","/static/js/68.26584d6a.chunk.js.map":"98f7e1cd4cd90e6c4e631e7abe31cd9d5777a6759e8f480cb12aa6eb57a88bf4","/static/js/834.86eb3f0a.chunk.js":"0176e19097712c91fb7c6d39ba980f966d892fe510f64ec995df3104f044e2d7","/static/js/72.d70baeb0.chunk.js.map":"42ddc81a7f368067cdeced12211dcfc2f63f746ed61db83e3aef37e5d7b438ff","/static/js/897.29862511.chunk.js.map":"760aa01bf34ccf75abecb62d69ec95ed8bd4f8d535344786ac18f33005e61227","/static/js/562.3185bf19.chunk.js":"6a10056c50ab25dfa8108013113c5054a32843c1828b20fcee73a9a988dd9e7b","/static/js/562.3185bf19.chunk.js.map":"3c2cba62aaecf957aa26faed59c2cebb74fd9aab20168f1410a77aa7615572be","/static/js/538.32bcfc91.chunk.js":"4d8847b8c9f5a2f30104fcce22ca1405113dd3c3bb01d18a5ac3e11f5441bf83","/static/js/538.32bcfc91.chunk.js.map":"1fb58e3292f0331f7dc967d1429515fa281056831a597c6dbd930da3df191f0d","/static/js/508.579c6ddf.chunk.js.LICENSE.txt":"b766a248c99b309065698f68f47f90ad62fc0e475c31d2c87545334baa72cef7","/static/js/508.579c6ddf.chunk.js":"1aeff01b7979edadb381b81698e7f2808857572bc07b84c4535726814f390653","/static/js/505.ee2f0742.chunk.js":"dd68ca5794de0654ffb82e8348186dd619be3ec9937ca0f2a78b49fa182268e0","/static/js/482.73966812.chunk.js.map":"93ee6ac2181a5067704df5043adeb2ece682a1addc45a2f220b17a2558756880","/static/js/482.73966812.chunk.js":"37969c6ca2a99a343668f6faf1d2480a664b1ce8490be883f5a15b4212e02e4c","/static/js/425.7a9803f2.chunk.js.map":"c4c7f887716886ed9aa452763680d5a0af650d9b444027cb3d492b6dfd80432f","/static/js/429.23791545.chunk.js":"af7d0899b847abe50c0a3aa087b823fff77fcf22ea9958d2cdf766f444dc3541","/static/js/449.1bd2639b.chunk.js":"9cd500019d2ec136d8e7cd6992b0e77e9bab733bb60e14de1994c88a8276c621","/static/js/34.f519599d.chunk.js":"47817e256d79aae17e42206782740f145dc7c1b6352af46d872efe1f720c3e9c","/static/js/398.48f42739.chunk.js.map":"d345ba8c93aee7bab7ca848d5de44e5acb2164e5992cf4c91dffae63821e01f6","/static/js/333.a84ded5b.chunk.js.LICENSE.txt":"147cd1dc5baac0b8d0b25f0e09673a4aee71a8b9f062849ce9e165c2e7bbb204","/static/js/425.7a9803f2.chunk.js":"2c70198dbceaec53cf96675686508507ce89b45e4b96a2701336a1d1ecad0a7b","/static/js/34.f519599d.chunk.js.map":"bb7371a35c85b6fce510a87d2c82a545abd8666363ee3c8f80ab639799f327f4","/static/js/429.23791545.chunk.js.map":"e4d52ded9d08148001a28ecd1f9c9407b8ce3d7ac2fb22ccb856088d31e10f93","/static/js/398.48f42739.chunk.js":"acb2b1fc2bda6979c78511ceb2939b7f0d89afa2b60960dfdd923bd4534c7cf8","/static/js/32.ab648181.chunk.js":"2e655dbcb8504acb301417eeb9c8a9807c17e190173422ec8134bf884f403c5f","/static/js/265.cfac4e7d.chunk.js":"2a7e04687901d22fe88ea41454d1fc363f95879dccf9fc7025021650ebe79133","/static/js/333.a84ded5b.chunk.js":"f03c3f73e6550a54e0152a81a8fbe8f027f9b77d148b2a25641d8a95cc48317f","/static/js/251.d8b10ea5.chunk.js":"5ffa658de0a995719d0654ef057d4a48bfbb88863327715e25506a8ae006febb","/static/js/251.d8b10ea5.chunk.js.map":"559a4ff83863e1f38a679d8fe068d3381610428f0c196f8a1243266b4329c6fd","/static/js/265.cfac4e7d.chunk.js.map":"f24c19495203b52638f150dfba32b5520be5e1ad0005840604c77a7dccc6852d","/static/js/32.ab648181.chunk.js.map":"9134a8c38a4204ca19bc9f77e2bcf79c99780d8c6ec225b42c819f53b70d01ac","/static/js/2.c73ce05e.chunk.js":"f74f80d4d6996f53580b676ae212104c2a9cefb489de54261ab9e6d22ca77adc","/static/js/210.2a73ac5f.chunk.js":"4f82d8d0eecf625069bf18d144b98126cf942c74f4b1296d6cbe5152be3fe93b","/static/js/213.27c9104c.chunk.js":"6c66cd1e892dedab5dcb9a56ab26c69c18a402e2a43e3301b61b02735aa5c4b8","/static/js/2.c73ce05e.chunk.js.map":"ec125b1f547c9aba45406795264cd93cc3550a7d9b223e7c2efcc55120b22364","/static/js/210.2a73ac5f.chunk.js.map":"911b894b84343b2fc8e24a9862179f4de9d7b1c765932106ad5411545f8fa0c4","/static/js/191.429680c1.chunk.js":"d86cd5071cf92c41a332ee976285f8174aa19c81e4671170637695550fd6552a","/static/js/191.429680c1.chunk.js.map":"7c2df82f51acc82f9716b0c362cf79c0033301065d5c12ccae1acee431d29a22","/static/js/834.86eb3f0a.chunk.js.map":"5b5e3ca5dd7493bca33335cfc21d5e6d5e49e19bee6a0103741fd538d5a72e2c","/static/js/129.dd1ae04a.chunk.js.map":"53f43899327caf33a36f213455aa3989e75ba1a216b3a1ea71388fd71d28ee73","/static/js/58.eed1e125.chunk.js":"c6e56feabce2546334d2daa15fbc6a88078a0ebcf1b1743975e32e56bc761d3a","/static/js/505.ee2f0742.chunk.js.map":"8095c862b57e1b5abbe8b7c90651f293b6c345f6bf637b7925397a9004b3d01b","/static/js/449.1bd2639b.chunk.js.map":"ceecf0b1afacb03f60987736db1dbb4bb4c80f2e599d4a97b82deea4f7115ca3","/static/js/122.bca2acc2.chunk.js.map":"ad1946e41ba63b8bfdfe50abb2dd9863c692392b5748059235faaa4b17cc7933","/static/js/129.dd1ae04a.chunk.js":"37c34456f7a033513e4530028120724316472701187c427ec8335a0fde0af5a4","/static/js/122.bca2acc2.chunk.js":"ba1f921bd2c45670e995abb5d4cd8d75c81cc027c77b7cba0926d90102f4f781","/static/js/508.579c6ddf.chunk.js.map":"aedc9737d07ab23337e7f0cecfa23e302dfbd925b028bc236f9b48c20f7f1b02","/static/js/145.9cb017b8.chunk.js":"e6bb675e05c0e54cb56514a1381d466e79d3739f571947f750af34355effb17e","/static/js/112.6637ba8b.chunk.js.map":"76a39772cd804598a15556461d8213dfa199922b6dffb39c7a4c79070250ffeb","/static/css/main.815e1f5b.css.map":"61667c7ca066609d7b0b8e77de94b698a619339174cc43c68e1c0e4ec917507c","/static/css/main.815e1f5b.css":"bb9334cd3d7fb1b34a9204c7e0bc17a9233ec4284ab3b38aee6d7cc652371ba0","/static/js/112.6637ba8b.chunk.js":"f7d7b72a4bbc687ee8caa2a512060ce1e68f030ba58504c2c804bbde223ae3f2","/static/js/213.27c9104c.chunk.js.map":"3d2a23a4b2baeb130f39f0d2f50ac7324d1d13aea6e9206e15b22cb1ed57c21f","/static/js/145.9cb017b8.chunk.js.map":"fc5dc0e008a0fed4d533dcf7779586fe4cb48895361e090e1580b7c56b876c9a","/static/js/333.a84ded5b.chunk.js.map":"0654dc7c820f828d5fab63f06252e697b24604d6055a8a2b699ef32c04f1d411","/static/js/main.a7a72d4f.js":"4a1c56c266472b2c263f28d424989bcf592778e7e7700075a5d4a876cd6a4fc1","/static/js/58.eed1e125.chunk.js.map":"1c3f2b7adc582cef5286a9000c2d9bba3dfc6b1483549930f8eaf4a6b6e996b6","/static/js/main.a7a72d4f.js.map":"e36529875da8888c02acd24ead0ffe9610ff8195b71d9dc407ae27f66d69e2af"}}
[debug] [2025-11-28T20:23:17.793Z] <<< [apiv2][status] POST https://firebasehosting.googleapis.com/v1beta1/projects/759115682573/sites/real-estate-marketplace-37544/versions/7839a62e65425abb:populateFiles 200
[debug] [2025-11-28T20:23:17.794Z] <<< [apiv2][body] POST https://firebasehosting.googleapis.com/v1beta1/projects/759115682573/sites/real-estate-marketplace-37544/versions/7839a62e65425abb:populateFiles {"uploadRequiredHashes":["ad1946e41ba63b8bfdfe50abb2dd9863c692392b5748059235faaa4b17cc7933","58ec83aa7fc238004a6ce716f4559ace70c9992e13693a9805fc9196b4460f05","ba1f921bd2c45670e995abb5d4cd8d75c81cc027c77b7cba0926d90102f4f781","4a1c56c266472b2c263f28d424989bcf592778e7e7700075a5d4a876cd6a4fc1","f2ab67b637237d427ec8b3341fcd2d25515f4de5794c9e801f69fcc7ae0f7992","e36529875da8888c02acd24ead0ffe9610ff8195b71d9dc407ae27f66d69e2af"],"uploadUrl":"https://upload-firebasehosting.googleapis.com/upload/sites/real-estate-marketplace-37544/versions/7839a62e65425abb/files"}
[debug] [2025-11-28T20:23:17.795Z] Checked if tokens are valid: true, expires at: 1764364151744
[debug] [2025-11-28T20:23:17.795Z] Checked if tokens are valid: true, expires at: 1764364151744
[debug] [2025-11-28T20:23:17.795Z] Checked if tokens are valid: true, expires at: 1764364151744
[debug] [2025-11-28T20:23:17.795Z] Checked if tokens are valid: true, expires at: 1764364151744
[debug] [2025-11-28T20:23:17.795Z] Checked if tokens are valid: true, expires at: 1764364151744
[debug] [2025-11-28T20:23:17.796Z] Checked if tokens are valid: true, expires at: 1764364151744
[debug] [2025-11-28T20:23:17.796Z] Checked if tokens are valid: true, expires at: 1764364151744
[debug] [2025-11-28T20:23:17.796Z] Checked if tokens are valid: true, expires at: 1764364151744
[debug] [2025-11-28T20:23:17.796Z] Checked if tokens are valid: true, expires at: 1764364151744
[debug] [2025-11-28T20:23:17.796Z] Checked if tokens are valid: true, expires at: 1764364151744
[debug] [2025-11-28T20:23:17.796Z] Checked if tokens are valid: true, expires at: 1764364151744
[debug] [2025-11-28T20:23:17.796Z] Checked if tokens are valid: true, expires at: 1764364151744
[debug] [2025-11-28T20:23:17.796Z] >>> [apiv2][query] POST https://upload-firebasehosting.googleapis.com/upload/sites/real-estate-marketplace-37544/versions/7839a62e65425abb/files/ad1946e41ba63b8bfdfe50abb2dd9863c692392b5748059235faaa4b17cc7933 [none]
[debug] [2025-11-28T20:23:17.797Z] >>> [apiv2][body] POST https://upload-firebasehosting.googleapis.com/upload/sites/real-estate-marketplace-37544/versions/7839a62e65425abb/files/ad1946e41ba63b8bfdfe50abb2dd9863c692392b5748059235faaa4b17cc7933 [stream]
[debug] [2025-11-28T20:23:17.801Z] >>> [apiv2][query] POST https://upload-firebasehosting.googleapis.com/upload/sites/real-estate-marketplace-37544/versions/7839a62e65425abb/files/58ec83aa7fc238004a6ce716f4559ace70c9992e13693a9805fc9196b4460f05 [none]
[debug] [2025-11-28T20:23:17.801Z] >>> [apiv2][body] POST https://upload-firebasehosting.googleapis.com/upload/sites/real-estate-marketplace-37544/versions/7839a62e65425abb/files/58ec83aa7fc238004a6ce716f4559ace70c9992e13693a9805fc9196b4460f05 [stream]
[debug] [2025-11-28T20:23:17.809Z] >>> [apiv2][query] POST https://upload-firebasehosting.googleapis.com/upload/sites/real-estate-marketplace-37544/versions/7839a62e65425abb/files/ba1f921bd2c45670e995abb5d4cd8d75c81cc027c77b7cba0926d90102f4f781 [none]
[debug] [2025-11-28T20:23:17.809Z] >>> [apiv2][body] POST https://upload-firebasehosting.googleapis.com/upload/sites/real-estate-marketplace-37544/versions/7839a62e65425abb/files/ba1f921bd2c45670e995abb5d4cd8d75c81cc027c77b7cba0926d90102f4f781 [stream]
[debug] [2025-11-28T20:23:17.812Z] >>> [apiv2][query] POST https://upload-firebasehosting.googleapis.com/upload/sites/real-estate-marketplace-37544/versions/7839a62e65425abb/files/4a1c56c266472b2c263f28d424989bcf592778e7e7700075a5d4a876cd6a4fc1 [none]
[debug] [2025-11-28T20:23:17.812Z] >>> [apiv2][body] POST https://upload-firebasehosting.googleapis.com/upload/sites/real-estate-marketplace-37544/versions/7839a62e65425abb/files/4a1c56c266472b2c263f28d424989bcf592778e7e7700075a5d4a876cd6a4fc1 [stream]
[debug] [2025-11-28T20:23:17.815Z] >>> [apiv2][query] POST https://upload-firebasehosting.googleapis.com/upload/sites/real-estate-marketplace-37544/versions/7839a62e65425abb/files/f2ab67b637237d427ec8b3341fcd2d25515f4de5794c9e801f69fcc7ae0f7992 [none]
[debug] [2025-11-28T20:23:17.816Z] >>> [apiv2][body] POST https://upload-firebasehosting.googleapis.com/upload/sites/real-estate-marketplace-37544/versions/7839a62e65425abb/files/f2ab67b637237d427ec8b3341fcd2d25515f4de5794c9e801f69fcc7ae0f7992 [stream]
[debug] [2025-11-28T20:23:17.821Z] >>> [apiv2][query] POST https://upload-firebasehosting.googleapis.com/upload/sites/real-estate-marketplace-37544/versions/7839a62e65425abb/files/e36529875da8888c02acd24ead0ffe9610ff8195b71d9dc407ae27f66d69e2af [none]
[debug] [2025-11-28T20:23:17.821Z] >>> [apiv2][body] POST https://upload-firebasehosting.googleapis.com/upload/sites/real-estate-marketplace-37544/versions/7839a62e65425abb/files/e36529875da8888c02acd24ead0ffe9610ff8195b71d9dc407ae27f66d69e2af [stream]
[debug] [2025-11-28T20:23:17.825Z] [hosting][populate queue][FINAL] {"max":630,"min":630,"avg":630,"active":0,"complete":1,"success":1,"errored":0,"retried":0,"total":1,"elapsed":659}
[debug] [2025-11-28T20:23:17.825Z] [hosting] uploads queued: 6
[debug] [2025-11-28T20:23:22.803Z] <<< [apiv2][status] POST https://upload-firebasehosting.googleapis.com/upload/sites/real-estate-marketplace-37544/versions/7839a62e65425abb/files/ad1946e41ba63b8bfdfe50abb2dd9863c692392b5748059235faaa4b17cc7933 200
[debug] [2025-11-28T20:23:22.803Z] <<< [apiv2][body] POST https://upload-firebasehosting.googleapis.com/upload/sites/real-estate-marketplace-37544/versions/7839a62e65425abb/files/ad1946e41ba63b8bfdfe50abb2dd9863c692392b5748059235faaa4b17cc7933 [stream]
[debug] [2025-11-28T20:23:23.046Z] <<< [apiv2][status] POST https://upload-firebasehosting.googleapis.com/upload/sites/real-estate-marketplace-37544/versions/7839a62e65425abb/files/ba1f921bd2c45670e995abb5d4cd8d75c81cc027c77b7cba0926d90102f4f781 200
[debug] [2025-11-28T20:23:23.047Z] <<< [apiv2][body] POST https://upload-firebasehosting.googleapis.com/upload/sites/real-estate-marketplace-37544/versions/7839a62e65425abb/files/ba1f921bd2c45670e995abb5d4cd8d75c81cc027c77b7cba0926d90102f4f781 [stream]
[debug] [2025-11-28T20:23:23.178Z] <<< [apiv2][status] POST https://upload-firebasehosting.googleapis.com/upload/sites/real-estate-marketplace-37544/versions/7839a62e65425abb/files/58ec83aa7fc238004a6ce716f4559ace70c9992e13693a9805fc9196b4460f05 200
[debug] [2025-11-28T20:23:23.178Z] <<< [apiv2][body] POST https://upload-firebasehosting.googleapis.com/upload/sites/real-estate-marketplace-37544/versions/7839a62e65425abb/files/58ec83aa7fc238004a6ce716f4559ace70c9992e13693a9805fc9196b4460f05 [stream]
[debug] [2025-11-28T20:23:26.443Z] <<< [apiv2][status] POST https://upload-firebasehosting.googleapis.com/upload/sites/real-estate-marketplace-37544/versions/7839a62e65425abb/files/f2ab67b637237d427ec8b3341fcd2d25515f4de5794c9e801f69fcc7ae0f7992 200
[debug] [2025-11-28T20:23:26.443Z] <<< [apiv2][body] POST https://upload-firebasehosting.googleapis.com/upload/sites/real-estate-marketplace-37544/versions/7839a62e65425abb/files/f2ab67b637237d427ec8b3341fcd2d25515f4de5794c9e801f69fcc7ae0f7992 [stream]
[debug] [2025-11-28T20:23:30.525Z] <<< [apiv2][status] POST https://upload-firebasehosting.googleapis.com/upload/sites/real-estate-marketplace-37544/versions/7839a62e65425abb/files/e36529875da8888c02acd24ead0ffe9610ff8195b71d9dc407ae27f66d69e2af 200
[debug] [2025-11-28T20:23:30.526Z] <<< [apiv2][body] POST https://upload-firebasehosting.googleapis.com/upload/sites/real-estate-marketplace-37544/versions/7839a62e65425abb/files/e36529875da8888c02acd24ead0ffe9610ff8195b71d9dc407ae27f66d69e2af [stream]
[debug] [2025-11-28T20:23:32.583Z] <<< [apiv2][status] POST https://upload-firebasehosting.googleapis.com/upload/sites/real-estate-marketplace-37544/versions/7839a62e65425abb/files/4a1c56c266472b2c263f28d424989bcf592778e7e7700075a5d4a876cd6a4fc1 200
[debug] [2025-11-28T20:23:32.584Z] <<< [apiv2][body] POST https://upload-firebasehosting.googleapis.com/upload/sites/real-estate-marketplace-37544/versions/7839a62e65425abb/files/4a1c56c266472b2c263f28d424989bcf592778e7e7700075a5d4a876cd6a4fc1 [stream]
[debug] [2025-11-28T20:23:32.584Z] [hosting][upload queue][FINAL] {"max":14788,"min":5010,"avg":8635.166666666666,"active":0,"complete":6,"success":6,"errored":0,"retried":0,"total":6,"elapsed":14790}
[info] +  hosting[real-estate-marketplace-37544]: file upload complete 
[debug] [2025-11-28T20:23:32.588Z] [hosting] deploy completed after 17394ms
[debug] [2025-11-28T20:23:32.588Z] [
  {
    "config": {
      "public": "build",
      "ignore": [
        "firebase.json",
        "**/.*",
        "**/node_modules/**"
      ],
      "rewrites": [
        {
          "source": "**",
          "destination": "/index.html"
        }
      ],
      "headers": [
        {
          "source": "**/*.@(js|css)",
          "headers": [
            {
              "key": "Cache-Control",
              "value": "max-age=31536000"
            }
          ]
        }
      ],
      "site": "real-estate-marketplace-37544"
    },
    "version": "projects/759115682573/sites/real-estate-marketplace-37544/versions/7839a62e65425abb"
  }
]
[info] i  hosting[real-estate-marketplace-37544]: finalizing version... 
[debug] [2025-11-28T20:23:32.595Z] Checked if tokens are valid: true, expires at: 1764364151744
[debug] [2025-11-28T20:23:32.595Z] Checked if tokens are valid: true, expires at: 1764364151744
[debug] [2025-11-28T20:23:32.598Z] >>> [apiv2][query] PATCH https://firebasehosting.googleapis.com/v1beta1/projects/-/sites/real-estate-marketplace-37544/versions/7839a62e65425abb updateMask=status%2Cconfig
[debug] [2025-11-28T20:23:32.599Z] >>> [apiv2][body] PATCH https://firebasehosting.googleapis.com/v1beta1/projects/-/sites/real-estate-marketplace-37544/versions/7839a62e65425abb {"status":"FINALIZED","config":{"rewrites":[{"glob":"**","path":"/index.html"}],"headers":[{"glob":"**/*.@(js|css)","headers":{"Cache-Control":"max-age=31536000"}}]}}
[debug] [2025-11-28T20:23:37.088Z] <<< [apiv2][status] PATCH https://firebasehosting.googleapis.com/v1beta1/projects/-/sites/real-estate-marketplace-37544/versions/7839a62e65425abb 200
[debug] [2025-11-28T20:23:37.089Z] <<< [apiv2][body] PATCH https://firebasehosting.googleapis.com/v1beta1/projects/-/sites/real-estate-marketplace-37544/versions/7839a62e65425abb {"name":"projects/759115682573/sites/real-estate-marketplace-37544/versions/7839a62e65425abb","status":"FINALIZED","config":{"headers":[{"headers":{"Cache-Control":"max-age=31536000"},"glob":"**/*.@(js|css)"}],"rewrites":[{"glob":"**","path":"/index.html"}]},"labels":{"deployment-tool":"cli-firebase"},"createTime":"2025-11-28T20:23:14.828593Z","createUser":{"email":"onyedika.akoma@gmail.com"},"finalizeTime":"2025-11-28T20:23:36.945703Z","finalizeUser":{"email":"onyedika.akoma@gmail.com"}}
[debug] [2025-11-28T20:23:37.089Z] [hosting] finalized version for real-estate-marketplace-37544:[object Object]
[info] +  hosting[real-estate-marketplace-37544]: version finalized 
[info] i  hosting[real-estate-marketplace-37544]: releasing new version... 
[debug] [2025-11-28T20:23:37.094Z] Checked if tokens are valid: true, expires at: 1764364151744
[debug] [2025-11-28T20:23:37.094Z] Checked if tokens are valid: true, expires at: 1764364151744
[debug] [2025-11-28T20:23:37.094Z] >>> [apiv2][query] POST https://firebasehosting.googleapis.com/v1beta1/projects/-/sites/real-estate-marketplace-37544/channels/live/releases versionName=projects%2F759115682573%2Fsites%2Freal-estate-marketplace-37544%2Fversions%2F7839a62e65425abb
[debug] [2025-11-28T20:23:37.094Z] >>> [apiv2][body] POST https://firebasehosting.googleapis.com/v1beta1/projects/-/sites/real-estate-marketplace-37544/channels/live/releases {}
[debug] [2025-11-28T20:23:39.046Z] <<< [apiv2][status] POST https://firebasehosting.googleapis.com/v1beta1/projects/-/sites/real-estate-marketplace-37544/channels/live/releases 200
[debug] [2025-11-28T20:23:39.046Z] <<< [apiv2][body] POST https://firebasehosting.googleapis.com/v1beta1/projects/-/sites/real-estate-marketplace-37544/channels/live/releases {"name":"projects/759115682573/sites/real-estate-marketplace-37544/channels/live/releases/1764361417004000","version":{"name":"projects/759115682573/sites/real-estate-marketplace-37544/versions/7839a62e65425abb","status":"FINALIZED","config":{"headers":[{"headers":{"Cache-Control":"max-age=31536000"},"glob":"**/*.@(js|css)"}],"rewrites":[{"glob":"**","path":"/index.html"}]},"labels":{"deployment-tool":"cli-firebase"},"createTime":"2025-11-28T20:23:14.828593Z","createUser":{"email":"onyedika.akoma@gmail.com","imageUrl":"https://lh3.googleusercontent.com/a/ACg8ocIM_pz4e7Wn0T29AJ5LPcBVpPGaFkFBAgry7OLWzHH8TvMzUA"},"finalizeTime":"2025-11-28T20:23:36.945703Z","finalizeUser":{"email":"onyedika.akoma@gmail.com","imageUrl":"https://lh3.googleusercontent.com/a/ACg8ocIM_pz4e7Wn0T29AJ5LPcBVpPGaFkFBAgry7OLWzHH8TvMzUA"}},"type":"DEPLOY","releaseTime":"2025-11-28T20:23:37.004Z","releaseUser":{"email":"onyedika.akoma@gmail.com","imageUrl":"https://lh3.googleusercontent.com/a/ACg8ocIM_pz4e7Wn0T29AJ5LPcBVpPGaFkFBAgry7OLWzHH8TvMzUA"}}
[debug] [2025-11-28T20:23:39.046Z] [hosting] release: {"name":"projects/759115682573/sites/real-estate-marketplace-37544/channels/live/releases/1764361417004000","version":{"name":"projects/759115682573/sites/real-estate-marketplace-37544/versions/7839a62e65425abb","status":"FINALIZED","config":{"headers":[{"headers":{"Cache-Control":"max-age=31536000"},"glob":"**/*.@(js|css)"}],"rewrites":[{"glob":"**","path":"/index.html"}]},"labels":{"deployment-tool":"cli-firebase"},"createTime":"2025-11-28T20:23:14.828593Z","createUser":{"email":"onyedika.akoma@gmail.com","imageUrl":"https://lh3.googleusercontent.com/a/ACg8ocIM_pz4e7Wn0T29AJ5LPcBVpPGaFkFBAgry7OLWzHH8TvMzUA"},"finalizeTime":"2025-11-28T20:23:36.945703Z","finalizeUser":{"email":"onyedika.akoma@gmail.com","imageUrl":"https://lh3.googleusercontent.com/a/ACg8ocIM_pz4e7Wn0T29AJ5LPcBVpPGaFkFBAgry7OLWzHH8TvMzUA"}},"type":"DEPLOY","releaseTime":"2025-11-28T20:23:37.004Z","releaseUser":{"email":"onyedika.akoma@gmail.com","imageUrl":"https://lh3.googleusercontent.com/a/ACg8ocIM_pz4e7Wn0T29AJ5LPcBVpPGaFkFBAgry7OLWzHH8TvMzUA"}}
[info] +  hosting[real-estate-marketplace-37544]: release complete 
[info] 
[info] +  Deploy complete! 
[info] 
[info] Project Console: https://console.firebase.google.com/project/real-estate-marketplace-37544/overview
[info] Hosting URL: https://real-estate-marketplace-37544.web.app
[debug] [2025-11-28T20:23:44.518Z] Error: Timed out.
    at Timeout._onTimeout (C:\Users\opdli\AppData\Roaming\npm\node_modules\firebase-tools\lib\utils.js:275:49)
    at listOnTimeout (node:internal/timers:581:17)
    at process.processTimers (node:internal/timers:519:7)
[error] 
[error] Error: An unexpected error has occurred.
