[debug] [2026-02-02T13:30:24.844Z] ----------------------------------------------------------------------
[debug] [2026-02-02T13:30:24.853Z] Command:       C:\Program Files\nodejs\node.exe C:\Users\opdli\AppData\Roaming\npm\node_modules\firebase-tools\lib\bin\firebase.js deploy --only hosting
[debug] [2026-02-02T13:30:24.854Z] CLI Version:   15.5.1
[debug] [2026-02-02T13:30:24.854Z] Platform:      win32
[debug] [2026-02-02T13:30:24.854Z] Node Version:  v20.19.6
[debug] [2026-02-02T13:30:24.855Z] Time:          Mon Feb 02 2026 14:30:24 GMT+0100 (Wẹ́st Áfríká Fíksd Taim)
[debug] [2026-02-02T13:30:24.856Z] ----------------------------------------------------------------------
[debug] 
[debug] [2026-02-02T13:30:31.518Z] > command requires scopes: ["email","openid","https://www.googleapis.com/auth/cloudplatformprojects.readonly","https://www.googleapis.com/auth/firebase","https://www.googleapis.com/auth/cloud-platform"]
[debug] [2026-02-02T13:30:31.519Z] > authorizing via signed-in user (opd.livmind@gmail.com)
[debug] [2026-02-02T13:30:31.520Z] [iam] checking project real-estate-marketplace-37544 for permissions ["firebase.projects.get","firebasehosting.sites.update"]
[debug] [2026-02-02T13:30:31.522Z] Checked if tokens are valid: true, expires at: 1770041083581
[debug] [2026-02-02T13:30:31.523Z] Checked if tokens are valid: true, expires at: 1770041083581
[debug] [2026-02-02T13:30:31.525Z] >>> [apiv2][query] POST https://cloudresourcemanager.googleapis.com/v1/projects/real-estate-marketplace-37544:testIamPermissions [none]
[debug] [2026-02-02T13:30:31.526Z] >>> [apiv2][(partial)header] POST https://cloudresourcemanager.googleapis.com/v1/projects/real-estate-marketplace-37544:testIamPermissions  x-goog-user-project=real-estate-marketplace-37544
[debug] [2026-02-02T13:30:31.526Z] >>> [apiv2][body] POST https://cloudresourcemanager.googleapis.com/v1/projects/real-estate-marketplace-37544:testIamPermissions {"permissions":["firebase.projects.get","firebasehosting.sites.update"]}
[debug] [2026-02-02T13:30:34.543Z] <<< [apiv2][status] POST https://cloudresourcemanager.googleapis.com/v1/projects/real-estate-marketplace-37544:testIamPermissions 403
[debug] [2026-02-02T13:30:34.544Z] <<< [apiv2][body] POST https://cloudresourcemanager.googleapis.com/v1/projects/real-estate-marketplace-37544:testIamPermissions {"error":{"code":403,"message":"Caller does not have required permission to use project real-estate-marketplace-37544. Grant the caller the roles/serviceusage.serviceUsageConsumer role, or a custom role with the serviceusage.services.use permission, by visiting https://console.developers.google.com/iam-admin/iam/project?project=real-estate-marketplace-37544 and then retry. Propagation of the new permission may take a few minutes.","status":"PERMISSION_DENIED","details":[{"@type":"type.googleapis.com/google.rpc.ErrorInfo","reason":"USER_PROJECT_DENIED","domain":"googleapis.com","metadata":{"consoleUrl":"https://console.developers.google.com/iam-admin/iam/project?project=real-estate-marketplace-37544","containerInfo":"real-estate-marketplace-37544","consumer":"projects/real-estate-marketplace-37544","service":"cloudresourcemanager.googleapis.com"}},{"@type":"type.googleapis.com/google.rpc.LocalizedMessage","locale":"en-US","message":"Caller does not have required permission to use project real-estate-marketplace-37544. Grant the caller the roles/serviceusage.serviceUsageConsumer role, or a custom role with the serviceusage.services.use permission, by visiting https://console.developers.google.com/iam-admin/iam/project?project=real-estate-marketplace-37544 and then retry. Propagation of the new permission may take a few minutes."},{"@type":"type.googleapis.com/google.rpc.Help","links":[{"description":"Google developer console IAM admin","url":"https://console.developers.google.com/iam-admin/iam/project?project=real-estate-marketplace-37544"}]}]}}
[debug] [2026-02-02T13:30:34.545Z] [iam] error while checking permissions, command may fail: Request to https://cloudresourcemanager.googleapis.com/v1/projects/real-estate-marketplace-37544:testIamPermissions had HTTP Error: 403, Caller does not have required permission to use project real-estate-marketplace-37544. Grant the caller the roles/serviceusage.serviceUsageConsumer role, or a custom role with the serviceusage.services.use permission, by visiting https://console.developers.google.com/iam-admin/iam/project?project=real-estate-marketplace-37544 and then retry. Propagation of the new permission may take a few minutes.
[debug] [2026-02-02T13:30:34.547Z] Checked if tokens are valid: true, expires at: 1770041083581
[debug] [2026-02-02T13:30:34.547Z] Checked if tokens are valid: true, expires at: 1770041083581
[debug] [2026-02-02T13:30:34.549Z] >>> [apiv2][query] GET https://firebase.googleapis.com/v1beta1/projects/real-estate-marketplace-37544 [none]
[debug] [2026-02-02T13:30:35.348Z] <<< [apiv2][status] GET https://firebase.googleapis.com/v1beta1/projects/real-estate-marketplace-37544 403
[debug] [2026-02-02T13:30:35.349Z] <<< [apiv2][body] GET https://firebase.googleapis.com/v1beta1/projects/real-estate-marketplace-37544 {"error":{"code":403,"message":"The caller does not have permission","status":"PERMISSION_DENIED"}}
[debug] [2026-02-02T13:30:35.349Z] Request to https://firebase.googleapis.com/v1beta1/projects/real-estate-marketplace-37544 had HTTP Error: 403, The caller does not have permission
[debug] [2026-02-02T13:30:35.707Z] FirebaseError: Request to https://firebase.googleapis.com/v1beta1/projects/real-estate-marketplace-37544 had HTTP Error: 403, The caller does not have permission
    at responseToError (C:\Users\opdli\AppData\Roaming\npm\node_modules\firebase-tools\lib\responseToError.js:53:12)
    at RetryOperation._fn (C:\Users\opdli\AppData\Roaming\npm\node_modules\firebase-tools\lib\apiv2.js:330:77)
    at process.processTicksAndRejections (node:internal/process/task_queues:95:5)
[error] 
[error] Error: Failed to get Firebase project real-estate-marketplace-37544. Please make sure the project exists and your account has permission to access it.
